<?xml version="1.0" encoding="UTF-8"?>
<!-- Generated by org.testng.reporters.JUnitXMLReporter -->
<testsuite hostname="Yoda-PC" ignored="5" name="Test" tests="19" failures="1" timestamp="2021-01-14T19:09:18 IST" time="666.421" errors="0">
  <testcase name="bookInPersonAppointmentForChild" time="35.411" classname="com.oculushealth.test.BookAppointmentOculusCreditCardTest"/>
  <testcase name="bookInPersonAppointmentForSpouse" time="62.721" classname="com.oculushealth.test.BookAppointmentOculusCreditCardTest">
    <failure type="org.openqa.selenium.TimeoutException" message="Expected condition failed: waiting for element to be clickable: Proxy element for: DefaultElementLocator &amp;apos;By.xpath: //div[@class=&amp;apos;CardNumberField-input-wrapper&amp;apos;]//input[@name=&amp;apos;cardnumber&amp;apos;]&amp;apos; (tried for 20 second(s) with 500 milliseconds interval)">
      <![CDATA[org.openqa.selenium.TimeoutException: Expected condition failed: waiting for element to be clickable: Proxy element for: DefaultElementLocator 'By.xpath: //div[@class='CardNumberField-input-wrapper']//input[@name='cardnumber']' (tried for 20 second(s) with 500 milliseconds interval)
at org.openqa.selenium.support.ui.WebDriverWait.timeoutException(WebDriverWait.java:95)
at org.openqa.selenium.support.ui.FluentWait.until(FluentWait.java:272)
at com.oculushealth.generics.WebDriverUtils.waitForElementToBeClickable(WebDriverUtils.java:25)
at com.oculushealth.features.AddYourCreditCardPageFeatures.enterCreditCardInfoAndContinue(AddYourCreditCardPageFeatures.java:36)
at com.oculushealth.test.BookAppointmentOculusCreditCardTest.bookInPersonAppointmentForSpouse(BookAppointmentOculusCreditCardTest.java:344)
at java.util.ArrayList.forEach(Unknown Source)
Caused by: org.openqa.selenium.NoSuchElementException: no such element: Unable to locate element: {"method":"xpath","selector":"//div[@class='CardNumberField-input-wrapper']//input[@name='cardnumber']"}
  (Session info: chrome=87.0.4280.141)
For documentation on this error, please visit: https://www.seleniumhq.org/exceptions/no_such_element.html
Build info: version: '3.141.59', revision: 'e82be7d358', time: '2018-11-14T08:17:03'
System info: host: 'YODA-PC', ip: '192.168.1.5', os.name: 'Windows 7', os.arch: 'amd64', os.version: '6.1', java.version: '1.8.0_181'
Driver info: org.openqa.selenium.chrome.ChromeDriver
Capabilities {acceptInsecureCerts: false, browserName: chrome, browserVersion: 87.0.4280.141, chrome: {chromedriverVersion: 87.0.4280.88 (89e2380a3e36c..., userDataDir: C:\Users\anand\AppData\Loca...}, goog:chromeOptions: {debuggerAddress: localhost:3350}, javascriptEnabled: true, networkConnectionEnabled: false, pageLoadStrategy: normal, platform: WINDOWS, platformName: WINDOWS, proxy: Proxy(), setWindowRect: true, strictFileInteractability: false, timeouts: {implicit: 0, pageLoad: 300000, script: 30000}, unhandledPromptBehavior: dismiss and notify, webauthn:virtualAuthenticators: true}
Session ID: 9f6d7ef51296ac33f4c794d063657273
*** Element info: {Using=xpath, value=//div[@class='CardNumberField-input-wrapper']//input[@name='cardnumber']}
at org.openqa.selenium.remote.http.W3CHttpResponseCodec.createException(W3CHttpResponseCodec.java:187)
at org.openqa.selenium.remote.http.W3CHttpResponseCodec.decode(W3CHttpResponseCodec.java:122)
at org.openqa.selenium.remote.http.W3CHttpResponseCodec.decode(W3CHttpResponseCodec.java:49)
at org.openqa.selenium.remote.HttpCommandExecutor.execute(HttpCommandExecutor.java:158)
at org.openqa.selenium.remote.service.DriverCommandExecutor.execute(DriverCommandExecutor.java:83)
at org.openqa.selenium.remote.RemoteWebDriver.execute(RemoteWebDriver.java:552)
at org.openqa.selenium.remote.RemoteWebDriver.findElement(RemoteWebDriver.java:323)
at org.openqa.selenium.remote.RemoteWebDriver.findElementByXPath(RemoteWebDriver.java:428)
at org.openqa.selenium.By$ByXPath.findElement(By.java:353)
at org.openqa.selenium.remote.RemoteWebDriver.findElement(RemoteWebDriver.java:315)
at org.openqa.selenium.support.pagefactory.DefaultElementLocator.findElement(DefaultElementLocator.java:69)
at org.openqa.selenium.support.pagefactory.internal.LocatingElementHandler.invoke(LocatingElementHandler.java:38)
at com.sun.proxy.$Proxy9.isDisplayed(Unknown Source)
at org.openqa.selenium.support.ui.ExpectedConditions.elementIfVisible(ExpectedConditions.java:314)
at org.openqa.selenium.support.ui.ExpectedConditions.access$000(ExpectedConditions.java:43)
at org.openqa.selenium.support.ui.ExpectedConditions$10.apply(ExpectedConditions.java:300)
at org.openqa.selenium.support.ui.ExpectedConditions$10.apply(ExpectedConditions.java:297)
at org.openqa.selenium.support.ui.ExpectedConditions$23.apply(ExpectedConditions.java:670)
at org.openqa.selenium.support.ui.ExpectedConditions$23.apply(ExpectedConditions.java:666)
at org.openqa.selenium.support.ui.FluentWait.until(FluentWait.java:249)
... 35 more
... Removed 35 stack frames]]>
    </failure>
  </testcase> <!-- bookInPersonAppointmentForSpouse -->
  <testcase name="bookInPersonAppointmentForOther" time="28.64" classname="com.oculushealth.test.BookAppointmentOculusCreditCardTest"/>
  <testcase name="bookVideoCallAppointmentForSelf" time="19.746" classname="com.oculushealth.test.BookAppointmentOculusHealthCheckTest"/>
  <testcase name="bookInPersonAppointmentForSelf" time="29.01" classname="com.oculushealth.test.BookAppointmentOculusHealthCheckTest"/>
  <testcase name="bookInPersonAppointmentForChild" time="23.359" classname="com.oculushealth.test.BookAppointmentOculusHealthCheckTest"/>
  <testcase name="bookVideoCallAppointmentForChild" time="21.002" classname="com.oculushealth.test.BookAppointmentOculusHealthCheckTest"/>
  <testcase name="bookVideoCallAppointmentForSpouse" time="23.607" classname="com.oculushealth.test.BookAppointmentOculusHealthCheckTest"/>
  <testcase name="bookInPersonAppointmentForSpouse" time="24.43" classname="com.oculushealth.test.BookAppointmentOculusHealthCheckTest"/>
  <testcase name="bookVideoCallAppointmentForOther" time="23.733" classname="com.oculushealth.test.BookAppointmentOculusHealthCheckTest"/>
  <testcase name="bookInPersonAppointmentForOther" time="23.337" classname="com.oculushealth.test.BookAppointmentOculusHealthCheckTest"/>
  <testcase name="bookVideoCallAppointmentForSelf" time="21.542" classname="com.oculushealth.test.BookAppointmentOculusHealthCashTest"/>
  <testcase name="bookInPersonAppointmentForSelf" time="22.215" classname="com.oculushealth.test.BookAppointmentOculusHealthCashTest"/>
  <testcase name="bookInPersonAppointmentForChild" time="22.184" classname="com.oculushealth.test.BookAppointmentOculusHealthCashTest"/>
  <testcase name="bookVideoCallAppointmentForChild" time="24.044" classname="com.oculushealth.test.BookAppointmentOculusHealthCashTest"/>
  <testcase name="bookVideoCallAppointmentForSpouse" time="26.947" classname="com.oculushealth.test.BookAppointmentOculusHealthCashTest"/>
  <testcase name="bookInPersonAppointmentForSpouse" time="24.199" classname="com.oculushealth.test.BookAppointmentOculusHealthCashTest"/>
  <testcase name="bookVideoCallAppointmentForOther" time="21.353" classname="com.oculushealth.test.BookAppointmentOculusHealthCashTest"/>
  <testcase name="bookInPersonAppointmentForOther" time="25.186" classname="com.oculushealth.test.BookAppointmentOculusHealthCashTest"/>
  <testcase name="bookVideoAppointmentForSpouse" time="0.0" classname="com.oculushealth.test.BookAppointmentOculusCreditCardTest">
    <ignored/>
  </testcase> <!-- bookVideoAppointmentForSpouse -->
  <testcase name="bookVideoAppointmentForMyself" time="0.0" classname="com.oculushealth.test.BookAppointmentOculusCreditCardTest">
    <ignored/>
  </testcase> <!-- bookVideoAppointmentForMyself -->
  <testcase name="bookVideoAppointmentForOther" time="0.0" classname="com.oculushealth.test.BookAppointmentOculusCreditCardTest">
    <ignored/>
  </testcase> <!-- bookVideoAppointmentForOther -->
  <testcase name="bookVideoAppointmentForChild" time="0.0" classname="com.oculushealth.test.BookAppointmentOculusCreditCardTest">
    <ignored/>
  </testcase> <!-- bookVideoAppointmentForChild -->
  <testcase name="bookInPersonAppointmentForMySelf" time="0.0" classname="com.oculushealth.test.BookAppointmentOculusCreditCardTest">
    <ignored/>
  </testcase> <!-- bookInPersonAppointmentForMySelf -->
</testsuite> <!-- Test -->
