<?xml version="1.0" encoding="UTF-8"?>
<!-- Generated by org.testng.reporters.JUnitReportReporter -->
<testsuite name="com.oculushealth.test.BookAppointmentOculusTest" tests="9" time="0.016" ignored="2" failures="0" timestamp="11 Jan 2021 17:41:37 GMT" skipped="8" hostname="Yoda-PC" errors="1">
  <testcase name="bookInPersonAppointmentForOther" time="0.002" classname="com.oculushealth.test.BookAppointmentOculusTest">
    <skipped/>
  </testcase> <!-- bookInPersonAppointmentForOther -->
  <testcase name="bookInPersonAppointmentForSpouse" time="0.002" classname="com.oculushealth.test.BookAppointmentOculusTest">
    <skipped/>
  </testcase> <!-- bookInPersonAppointmentForSpouse -->
  <testcase name="setup" time="0.000" classname="com.oculushealth.test.BookAppointmentOculusTest">
    <error type="org.openqa.selenium.WebDriverException" message="unknown error: cannot determine loading status
from disconnected: received Inspector.detached event
  (Session info: chrome=87.0.4280.141)
Build info: version: &#039;3.141.59&#039;, revision: &#039;e82be7d358&#039;, time: &#039;2018-11-14T08:17:03&#039;
System info: host: &#039;YODA-PC&#039;, ip: &#039;192.168.1.7&#039;, os.name: &#039;Windows 7&#039;, os.arch: &#039;amd64&#039;, os.version: &#039;6.1&#039;, java.version: &#039;1.8.0_181&#039;
Driver info: org.openqa.selenium.chrome.ChromeDriver
Capabilities {acceptInsecureCerts: false, browserName: chrome, browserVersion: 87.0.4280.141, chrome: {chromedriverVersion: 87.0.4280.88 (89e2380a3e36c..., userDataDir: C:\Users\anand\AppData\Loca...}, goog:chromeOptions: {debuggerAddress: localhost:3545}, javascriptEnabled: true, networkConnectionEnabled: false, pageLoadStrategy: normal, platform: WINDOWS, platformName: WINDOWS, proxy: Proxy(), setWindowRect: true, strictFileInteractability: false, timeouts: {implicit: 0, pageLoad: 300000, script: 30000}, unhandledPromptBehavior: dismiss and notify, webauthn:virtualAuthenticators: true}
Session ID: 55ecea4caaa642729f73bec8d626b916">
      <![CDATA[org.openqa.selenium.WebDriverException: unknown error: cannot determine loading status
from disconnected: received Inspector.detached event
  (Session info: chrome=87.0.4280.141)
Build info: version: '3.141.59', revision: 'e82be7d358', time: '2018-11-14T08:17:03'
System info: host: 'YODA-PC', ip: '192.168.1.7', os.name: 'Windows 7', os.arch: 'amd64', os.version: '6.1', java.version: '1.8.0_181'
Driver info: org.openqa.selenium.chrome.ChromeDriver
Capabilities {acceptInsecureCerts: false, browserName: chrome, browserVersion: 87.0.4280.141, chrome: {chromedriverVersion: 87.0.4280.88 (89e2380a3e36c..., userDataDir: C:\Users\anand\AppData\Loca...}, goog:chromeOptions: {debuggerAddress: localhost:3545}, javascriptEnabled: true, networkConnectionEnabled: false, pageLoadStrategy: normal, platform: WINDOWS, platformName: WINDOWS, proxy: Proxy(), setWindowRect: true, strictFileInteractability: false, timeouts: {implicit: 0, pageLoad: 300000, script: 30000}, unhandledPromptBehavior: dismiss and notify, webauthn:virtualAuthenticators: true}
Session ID: 55ecea4caaa642729f73bec8d626b916
	at sun.reflect.NativeConstructorAccessorImpl.newInstance0(Native Method)
	at sun.reflect.NativeConstructorAccessorImpl.newInstance(Unknown Source)
	at sun.reflect.DelegatingConstructorAccessorImpl.newInstance(Unknown Source)
	at java.lang.reflect.Constructor.newInstance(Unknown Source)
	at org.openqa.selenium.remote.http.W3CHttpResponseCodec.createException(W3CHttpResponseCodec.java:187)
	at org.openqa.selenium.remote.http.W3CHttpResponseCodec.decode(W3CHttpResponseCodec.java:122)
	at org.openqa.selenium.remote.http.W3CHttpResponseCodec.decode(W3CHttpResponseCodec.java:49)
	at org.openqa.selenium.remote.HttpCommandExecutor.execute(HttpCommandExecutor.java:158)
	at org.openqa.selenium.remote.service.DriverCommandExecutor.execute(DriverCommandExecutor.java:83)
	at org.openqa.selenium.remote.RemoteWebDriver.execute(RemoteWebDriver.java:552)
	at org.openqa.selenium.remote.RemoteWebDriver.get(RemoteWebDriver.java:277)
	at com.oculushealth.generics.BaseLib.setup(BaseLib.java:26)
	at sun.reflect.NativeMethodAccessorImpl.invoke0(Native Method)
	at sun.reflect.NativeMethodAccessorImpl.invoke(Unknown Source)
	at sun.reflect.DelegatingMethodAccessorImpl.invoke(Unknown Source)
	at java.lang.reflect.Method.invoke(Unknown Source)
	at org.testng.internal.MethodInvocationHelper.invokeMethod(MethodInvocationHelper.java:104)
	at org.testng.internal.Invoker.invokeConfigurationMethod(Invoker.java:515)
	at org.testng.internal.Invoker.invokeConfigurations(Invoker.java:217)
	at org.testng.internal.Invoker.invokeMethod(Invoker.java:590)
	at org.testng.internal.Invoker.invokeTestMethod(Invoker.java:851)
	at org.testng.internal.Invoker.invokeTestMethods(Invoker.java:1177)
	at org.testng.internal.TestMethodWorker.invokeTestMethods(TestMethodWorker.java:129)
	at org.testng.internal.TestMethodWorker.run(TestMethodWorker.java:112)
	at org.testng.TestRunner.privateRun(TestRunner.java:756)
	at org.testng.TestRunner.run(TestRunner.java:610)
	at org.testng.SuiteRunner.runTest(SuiteRunner.java:387)
	at org.testng.SuiteRunner.runSequentially(SuiteRunner.java:382)
	at org.testng.SuiteRunner.privateRun(SuiteRunner.java:340)
	at org.testng.SuiteRunner.run(SuiteRunner.java:289)
	at org.testng.SuiteRunnerWorker.runSuite(SuiteRunnerWorker.java:52)
	at org.testng.SuiteRunnerWorker.run(SuiteRunnerWorker.java:86)
	at org.testng.TestNG.runSuitesSequentially(TestNG.java:1293)
	at org.testng.TestNG.runSuitesLocally(TestNG.java:1218)
	at org.testng.TestNG.runSuites(TestNG.java:1133)
	at org.testng.TestNG.run(TestNG.java:1104)
	at org.testng.remote.AbstractRemoteTestNG.run(AbstractRemoteTestNG.java:132)
	at org.testng.remote.RemoteTestNG.initAndRun(RemoteTestNG.java:236)
	at org.testng.remote.RemoteTestNG.main(RemoteTestNG.java:81)
]]>
    </error>
  </testcase> <!-- setup -->
  <testcase name="bookVideoAppointmentForOther" time="0.002" classname="com.oculushealth.test.BookAppointmentOculusTest">
    <skipped/>
  </testcase> <!-- bookVideoAppointmentForOther -->
  <testcase name="bookVideoAppointmentForMyself" time="0.002" classname="com.oculushealth.test.BookAppointmentOculusTest">
    <skipped/>
  </testcase> <!-- bookVideoAppointmentForMyself -->
  <testcase name="bookInPersonAppointmentForMySelf" time="0.005" classname="com.oculushealth.test.BookAppointmentOculusTest">
    <skipped/>
  </testcase> <!-- bookInPersonAppointmentForMySelf -->
  <testcase name="bookVideoAppointmentForChild" time="0.001" classname="com.oculushealth.test.BookAppointmentOculusTest">
    <skipped/>
  </testcase> <!-- bookVideoAppointmentForChild -->
  <testcase name="bookInPersonAppointmentForChild" time="0.001" classname="com.oculushealth.test.BookAppointmentOculusTest">
    <skipped/>
  </testcase> <!-- bookInPersonAppointmentForChild -->
  <testcase name="bookVideoAppointmentForSpouse" time="0.001" classname="com.oculushealth.test.BookAppointmentOculusTest">
    <skipped/>
  </testcase> <!-- bookVideoAppointmentForSpouse -->
  <testcase name="bookTelephoneCallAppointmentForMySelf" classname="com.oculushealth.test.BookAppointmentOculusTest">
    <skipped/>
  </testcase> <!-- bookTelephoneCallAppointmentForMySelf -->
  <testcase name="bookTelephoneCallAppointmentForChild" classname="com.oculushealth.test.BookAppointmentOculusTest">
    <skipped/>
  </testcase> <!-- bookTelephoneCallAppointmentForChild -->
</testsuite> <!-- com.oculushealth.test.BookAppointmentOculusTest -->
